[RUN #0 500 5]
238 -892 791 774 -996 -614 496 -191 -636 -273 -906 -260 198 -225 157 -746 -863 685 86 -309 829 141 328 783 -969 250 -765 793 9 331 153 -269 -221 -948 437 974 194 -216 208 236 41 -735 813 179 -678 380 -314 -32 -193 -526 111 501 -25 256 -464 807 242 -92 530 707 -276 448 546 162 585 478 415 420 -509 952 562 577 -534 98 619 652 245 -874 -4 -952 -695 -988 872 -249 244 13 164 -596 -108 -205 -63 38 -54 -601 512 -147 -543 251 -918 -112 594 -577 581 351 886 466 531 438 -416 -408 -329 -236 175 -524 310 -641 802 -772 -745 797 -664 646 -964 270 -333 247 357 -730 -561 -835 986 522 694 -753 565 -986 887 824 955 979 916 -111 961 894 -19 425 537 -830 199 -320 878 125 586 79 -893 -760 -38 -691 -888 515 354 -812 985 681 604 533 -2 -856 -302 -457 23 -507 725 93 416 265 -230 -121 661 -417 -836 112 -939 -11 -214 529 572 -61 -699 60 429 575 -33 403 344 -23 -609 635 909 346 -525 -990 -234 789 213 72 -866 -401 29 911 649 200 538 648 918 -683 542 -587 -258 -842 156 -343 -519 684 800 -93 3 62 80 227 -183 -625 -153 284 113 996 -359 -16 292 441 989 -400 -113 -131 -932 66 954 792 -425 173 427 -340 837 -623 123 -595 561 865 -490 465 223 939 426 875 997 641 -502 -885 -212 -483 -555 -331 -313 215 700 -656 -307 972 749 728 583 718 -138 518 371 -702 -591 375 712 388 -440 -366 -338 -670 -822 864 -927 -725 288 391 912 266 -303 -460 -353 -411 -188 -574 -62 -903 -527 934 -185 -908 -455 -375 -961 834 -959 896 -486 876 647 -171 -474 -318 52 431 -770 -965 -850 -170 -589 276 -395 -653 -802 121 -933 -999 -552 291 -814 871 -406 -407 -241 275 481 730 814 -399 963 -169 603 999 8 -66 -227 -140 763 -327 -383 -405 -356 202 207 -592 -319 61 115 -122 127 -261 -723 -643 -682 524 315 914 336 862 282 -164 -322 -583 -173 845 188 -738 691 -471 201 -790 470 158 327 853 -891 -677 516 -844 -361 -247 -570 -531 -39 -155 -567 -796 186 617 -971 -757 -895 -215 -671 534 -559 76 217 -603 405 -947 -187 -59 557 656 -901 -860 306 34 167 645 392 -862 63 -564 -729 -558 334 118 -301 -742 -374 321 -778 873 -211 984 -501 -935 -696 -994 -324 117 348 124 846 935 -126 -81 830 847 623 -902 -437 770 924 -910 -398 709 -107 109 743 -922 784 -262 -808 55 338 559 640 467 -95 -414 -433 591 -146 -886 -5 -435 -553 747 558 -743 -610 -119 595 -521
[RUN #1 100 5]
299 -311 816 314 176 -3 -705 -286 360 -150 -953 671 694 -555 409 324 132 -739 -743 -171 -777 -55 -400 476 733 616 591 -257 -145 -339 114 -22 990 343 490 -219 -113 779 885 -611 634 506 803 938 572 -930 -69 -701 659 -433 605 -985 345 -252 466 108 929 -626 100 -417 975 356 -468 -217 260 431 232 704 564 522 387 83 160 151 -660 -259 614 347 325 -302 631 698 233 -75 -815 -364 976 193 674 754 81 -465 -87 -673 573 -50 -30 258 714 165
-591 891 -659 -338 81 63 284 681 -411 299 -470 502 -329 -116 227 -348 -506 -777 -299 294 -526 -38 -871 225 562 941 -583 832 -158 -286 301 821 369 -756 -733 -175 714 822 -807 -213 -613 855 -436 -429 828 800 685 -19 -836 -503 -749 726 250 292 -551 841 930 -792 -493 -266 -417 974 -250 958 965 977 57 -5 -374 -441 266 318 -546 349 -391 -668 -82 854 873 731 -263 728 770 -157 -350 563 296 691 28 -122 727 359 -54 732 -455 168 -84 -986 -657 978
621 606 -453 -847 738 -430 852 -390 530 -684 -423 -832 -330 -920 656 -557 -95 -63 594 -296 193 -374 -607 -105 699 -532 509 -172 57 384 686 280 -528 180 -348 -854 234 -9 -99 722 -346 -582 555 -7 429 -604 -555 633 859 -431 -985 -645 995 -216 15 380 -465 762 585 168 61 771 -285 535 -440 975 251 -780 3 -659 -766 -255 471 333 -242 609 -903 -570 286 -8 -949 461 396 544 -498 896 47 478 17 -702 996 397 -842 -596 941 -502 -262 614 -168 -98
614 273 -674 -106 -266 564 694 609 -544 312 -506 -776 -441 -755 -385 656 631 -959 -930 -520 -627 -684 -95 357 -295 -69 -875 -48 -422 484 -851 -324 543 655 39 -530 -952 -158 672 -999 862 623 -516 82 901 250 -50 -3 856 -78 927 -956 62 -331 -342 -539 84 708 596 -610 -19 -809 318 -951 -262 -246 441 -66 730 457 154 -963 -327 59 -87 777 -466 -586 -557 946 898 78 -196 -171 -9 -11 -850 53 138 525 885 702 999 435 194 171 -817 319 202 783
[RUN #2 10 5]
208 181 -237 -901 666 -903 -370 -948 -667 -172
-312 962 694 980 -314 -303 760 442 -247 80
988 894 -746 -273 488 -411 870 186 35 669
-497 -498 199 -753 -542 -92 -471 -441 935 384
7 298 398 717 522 106 765 -757 -652 427
[RUN #3 5 5]
-883 -535 863 388 796
817 538 261 -683 -835
787 -654 259 -501 885
464 -736 -148 974 -986
-584 -343 -680 938 976
[RUN #4 100 5]
599 769 -640 -937 -443 -252 97 -231 514 74 895 529 -334 -311 211 -577 -786 -376 -377 161 -898 -327 286 -80 203 -40 472 -64 258 918 243 302 635 -945 755 189 756 -74 -491 -431 975 670 -337 937 178 -998 873 -134 344 399 -532 876 -139 -180 771 184 165 -956 -342 -38 139 426 -146 -845 -336 -846 -526 172 967 110 -794 -788 -827 -557 -82 869 650 -790 -970 559 822 679 215 78 604 546 142 850 591 -791 622 -154 -206 -623 -855 735 -776 541 340 -979
104 -839 -314 105 -961 767 450 718 438 30 -639 641 511 577 -312 -257 374 565 -976 604 -969 -180 -97 45 -901 721 -713 624 738 460 -548 -530 -939 924 534 664 -5 557 -480 537 141 -39 -399 961 680 -692 -37 670 -167 -351 197 -132 -89 -146 -917 614 -531 -57 -798 625 -65 -102 -208 -244 110 -228 -254 -838 132 -909 322 399 -401 977 -273 -88 569 172 417 -467 -687 168 143 286 320 296 974 524 214 403 660 52 -846 952 987 -712 -263 980 -631 154
187 977 -142 761 838 -529 -891 -922 -131 -779 827 960 819 -697 844 721 -135 250 471 701 224 -680 -657 275 157 -617 926 344 -554 782 -138 -196 -862 -480 619 700 329 -951 -92 635 535 667 375 438 -708 443 133 -918 96 -535 -540 220 213 -826 412 -572 -416 77 172 -624 -710 664 -248 65 384 -941 254 -214 -633 374 625 313 505 814 -178 797 475 338 171 27 -991 789 125 -144 -468 653 601 -5 -383 850 986 533 -132 -912 -986 -366 216 348 784 777
-357 -913 298 177 156 -139 649 740 601 -218 924 -808 822 -544 441 -696 -725 -310 496 830 484 -338 99 -857 -700 411 215 239 841 476 -42 -867 -264 -385 559 -4 815 804 -27 453 579 368 882 -691 725 -799 788 -845 930 -891 -895 123 195 262 967 -921 681 132 -25 176 379 -739 531 792 -561 -45 -277 596 -378 -227 426 -513 295 575 145 -232 423 499 987 -667 201 415 625 227 371 622 465 786 -869 39 912 399 328 -950 638 -480 540 -213 141 -442
-254 -983 -92 -922 -436 280 -365 742 701 584 563 228 449 392 313 238 -411 550 -214 -468 -984 -873 257 348 374 -420 -626 405 158 -781 -108 -130 -4 568 -650 823 697 19 -830 -604 -993 -605 387 -131 949 -134 566 -582 695 -910 -822 426 -326 -465 -854 454 565 -136 141 101 -870 -587 868 430 211 573 901 489 321 692 315 -976 864 -449 -625 -81 173 -324 55 939 757 -487 -846 -444 -785 531 -259 830 44 -502 -469 -410 -997 -764 435 -539 -483 761 54 943
[RUN #5 100 5]
43 585 -669 778 -714 422 890 505 631 -295 391 -436 58 250 -42 4 -270 274 454 559 246 800 80 349 -944 -806 -290 969 -103 -162 -40 -223 -394 926 69 215 928 -269 -219 -28 -124 805 -68 603 -571 -283 102 -896 101 -261 703 -344 -597 -476 -299 555 -235 -479 -47 -441 537 200 -569 527 -755 -498 -493 -683 696 -945 810 -448 -246 -535 884 -921 833 -924 -405 -453 -612 477 787 -320 143 873 849 -424 -447 29 -937 155 -989 -189 -653 -164 858 -160 -403 11
-451 313 228 -778 -844 -263 -836 617 129 474 933 979 780 326 390 -74 344 415 -695 -965 954 49 -427 749 -378 -954 -576 -984 578 -805 866 300 460 -905 -120 62 -304 951 221 -584 -33 575 981 -178 343 863 713 -181 183 891 -98 594 -557 19 457 -876 -485 -763 816 -894 -139 907 -793 903 -399 459 781 -21 -67 -171 261 715 681 -722 925 -447 176 888 141 813 -800 -861 -57 156 -472 -839 -571 587 -396 668 -835 377 -109 -896 994 -467 880 -342 -12 537
[RUN #6 10 15]
-899 -697 416 338 360 481 460 961 920 -840
0 -969 -752 436 111 832 -512 508 -28 -119
-125 -312 686 577 622 -815 -896 890 -956 -447
659 552 -311 -928 334 327 -102 477 745 245
624 292 968 284 299 738 125 -34 -961 63
-666 -115 668 259 -66 985 150 812 -372 692
437 -427 443 713 -33 299 748 13 692 549
24 550 -21 -75 730 664 294 605 354 -437
175 -721 -299 456 -930 -342 -37 -713 499 -613
-300 -912 -813 321 601 -716 982 -630 789 -854
437 55 145 -304 846 43 -861 724 -406 -740
-995 571 23 83 839 677 -271 629 -251 621
434 -814 -293 -45 -191 -830 -504 677 -433 161
-656 -801 -702 -895 816 -290 666 -514 277 795
-166 -237 -238 178 10 185 64 -620 221 293
